mode: set
github.com/gayanhewa/family-tree/person/person.go:31.51,33.2 1 1
github.com/gayanhewa/family-tree/person/person.go:36.41,37.31 1 1
github.com/gayanhewa/family-tree/person/person.go:43.2,43.40 1 1
github.com/gayanhewa/family-tree/person/person.go:37.31,39.17 1 1
github.com/gayanhewa/family-tree/person/person.go:39.17,41.4 1 1
github.com/gayanhewa/family-tree/person/person.go:47.43,51.2 2 1
github.com/gayanhewa/family-tree/person/person.go:54.43,58.2 2 1
github.com/gayanhewa/family-tree/person/person.go:61.43,63.2 1 1
github.com/gayanhewa/family-tree/person/person.go:66.32,68.2 1 1
github.com/gayanhewa/family-tree/person/person.go:71.34,73.2 1 1
github.com/gayanhewa/family-tree/person/person.go:76.34,78.2 1 1
github.com/gayanhewa/family-tree/person/person.go:81.34,83.2 1 1
github.com/gayanhewa/family-tree/person/person.go:86.34,88.2 1 1
github.com/gayanhewa/family-tree/person/person.go:91.35,93.2 1 1
github.com/gayanhewa/family-tree/person/person.go:96.38,98.2 1 1
github.com/gayanhewa/family-tree/person/person.go:101.49,102.23 1 1
github.com/gayanhewa/family-tree/person/person.go:110.2,110.8 1 1
github.com/gayanhewa/family-tree/person/person.go:102.23,103.47 1 1
github.com/gayanhewa/family-tree/person/person.go:103.47,104.32 1 1
github.com/gayanhewa/family-tree/person/person.go:107.4,107.38 1 1
github.com/gayanhewa/family-tree/person/person.go:104.32,105.13 1 1
github.com/gayanhewa/family-tree/tree/familytree.go:26.48,28.47 1 1
github.com/gayanhewa/family-tree/tree/familytree.go:31.2,32.12 2 1
github.com/gayanhewa/family-tree/tree/familytree.go:28.47,30.3 1 1
github.com/gayanhewa/family-tree/tree/familytree.go:36.67,38.17 2 1
github.com/gayanhewa/family-tree/tree/familytree.go:41.2,41.44 1 1
github.com/gayanhewa/family-tree/tree/familytree.go:38.17,40.3 1 1
github.com/gayanhewa/family-tree/tree/familytree.go:45.58,47.2 1 1
github.com/gayanhewa/family-tree/tree/familytree.go:50.46,51.45 1 1
github.com/gayanhewa/family-tree/tree/familytree.go:55.2,55.14 1 1
github.com/gayanhewa/family-tree/tree/familytree.go:51.45,54.3 2 1
github.com/gayanhewa/family-tree/tree/familytree.go:59.96,61.16 2 1
github.com/gayanhewa/family-tree/tree/familytree.go:64.2,64.33 1 1
github.com/gayanhewa/family-tree/tree/familytree.go:68.2,68.26 1 1
github.com/gayanhewa/family-tree/tree/familytree.go:71.2,73.24 3 1
github.com/gayanhewa/family-tree/tree/familytree.go:76.2,77.12 2 1
github.com/gayanhewa/family-tree/tree/familytree.go:61.16,63.3 1 1
github.com/gayanhewa/family-tree/tree/familytree.go:64.33,66.3 1 1
github.com/gayanhewa/family-tree/tree/familytree.go:68.26,70.3 1 1
github.com/gayanhewa/family-tree/tree/familytree.go:73.24,75.3 1 1
github.com/gayanhewa/family-tree/tree/familytree.go:81.27,85.2 1 1
github.com/gayanhewa/family-tree/tree/seeder.go:6.46,49.27 2 1
github.com/gayanhewa/family-tree/tree/seeder.go:55.2,55.27 1 1
github.com/gayanhewa/family-tree/tree/seeder.go:70.2,70.18 1 1
github.com/gayanhewa/family-tree/tree/seeder.go:49.27,50.70 1 1
github.com/gayanhewa/family-tree/tree/seeder.go:50.70,52.4 1 1
github.com/gayanhewa/family-tree/tree/seeder.go:55.27,57.21 2 1
github.com/gayanhewa/family-tree/tree/seeder.go:61.3,61.21 1 1
github.com/gayanhewa/family-tree/tree/seeder.go:65.3,65.21 1 1
github.com/gayanhewa/family-tree/tree/seeder.go:57.21,60.4 2 1
github.com/gayanhewa/family-tree/tree/seeder.go:61.21,64.4 2 1
github.com/gayanhewa/family-tree/tree/seeder.go:65.21,68.4 2 1
github.com/gayanhewa/family-tree/handler/process_input_handler.go:11.58,15.21 4 1
github.com/gayanhewa/family-tree/handler/process_input_handler.go:19.2,19.38 1 1
github.com/gayanhewa/family-tree/handler/process_input_handler.go:22.2,22.19 1 1
github.com/gayanhewa/family-tree/handler/process_input_handler.go:15.21,18.3 2 1
github.com/gayanhewa/family-tree/handler/process_input_handler.go:19.38,21.3 1 1
github.com/gayanhewa/family-tree/handler/relationship_handler.go:11.106,14.16 3 1
github.com/gayanhewa/family-tree/handler/relationship_handler.go:18.2,18.25 1 1
github.com/gayanhewa/family-tree/handler/relationship_handler.go:22.2,23.30 2 1
github.com/gayanhewa/family-tree/handler/relationship_handler.go:26.2,27.15 2 1
github.com/gayanhewa/family-tree/handler/relationship_handler.go:14.16,17.3 2 1
github.com/gayanhewa/family-tree/handler/relationship_handler.go:18.25,21.3 2 1
github.com/gayanhewa/family-tree/handler/relationship_handler.go:23.30,25.3 1 1
github.com/gayanhewa/family-tree/handler/addchild_handler.go:10.115,15.48 4 1
github.com/gayanhewa/family-tree/handler/addchild_handler.go:20.2,20.70 1 1
github.com/gayanhewa/family-tree/handler/addchild_handler.go:24.2,25.15 2 1
github.com/gayanhewa/family-tree/handler/addchild_handler.go:15.48,18.3 2 1
github.com/gayanhewa/family-tree/handler/addchild_handler.go:20.70,23.3 2 1
github.com/gayanhewa/family-tree/relation/brotherinlaw.go:12.111,14.16 2 1
github.com/gayanhewa/family-tree/relation/brotherinlaw.go:18.2,18.44 1 1
github.com/gayanhewa/family-tree/relation/brotherinlaw.go:24.2,24.25 1 1
github.com/gayanhewa/family-tree/relation/brotherinlaw.go:28.2,28.53 1 1
github.com/gayanhewa/family-tree/relation/brotherinlaw.go:33.2,33.8 1 1
github.com/gayanhewa/family-tree/relation/brotherinlaw.go:14.16,16.3 1 1
github.com/gayanhewa/family-tree/relation/brotherinlaw.go:18.44,20.65 1 1
github.com/gayanhewa/family-tree/relation/brotherinlaw.go:20.65,22.4 1 1
github.com/gayanhewa/family-tree/relation/brotherinlaw.go:24.25,26.3 1 1
github.com/gayanhewa/family-tree/relation/brotherinlaw.go:28.53,29.33 1 1
github.com/gayanhewa/family-tree/relation/brotherinlaw.go:29.33,31.4 1 1
github.com/gayanhewa/family-tree/relation/daughter.go:12.107,14.16 2 1
github.com/gayanhewa/family-tree/relation/daughter.go:17.2,17.42 1 1
github.com/gayanhewa/family-tree/relation/daughter.go:22.2,22.8 1 1
github.com/gayanhewa/family-tree/relation/daughter.go:14.16,16.3 1 1
github.com/gayanhewa/family-tree/relation/daughter.go:17.42,18.33 1 1
github.com/gayanhewa/family-tree/relation/daughter.go:18.33,20.4 1 1
github.com/gayanhewa/family-tree/relation/maternalaunt.go:12.111,14.16 2 1
github.com/gayanhewa/family-tree/relation/maternalaunt.go:17.2,17.57 1 1
github.com/gayanhewa/family-tree/relation/maternalaunt.go:22.2,22.8 1 1
github.com/gayanhewa/family-tree/relation/maternalaunt.go:14.16,16.3 1 1
github.com/gayanhewa/family-tree/relation/maternalaunt.go:17.57,18.39 1 1
github.com/gayanhewa/family-tree/relation/maternalaunt.go:18.39,20.4 1 1
github.com/gayanhewa/family-tree/relation/mother.go:12.105,14.16 2 1
github.com/gayanhewa/family-tree/relation/mother.go:17.2,17.28 1 1
github.com/gayanhewa/family-tree/relation/mother.go:20.2,20.8 1 1
github.com/gayanhewa/family-tree/relation/mother.go:14.16,16.3 1 1
github.com/gayanhewa/family-tree/relation/mother.go:17.28,19.3 1 1
github.com/gayanhewa/family-tree/relation/paternalaunt.go:12.111,14.16 2 1
github.com/gayanhewa/family-tree/relation/paternalaunt.go:17.2,17.57 1 1
github.com/gayanhewa/family-tree/relation/paternalaunt.go:22.2,22.8 1 1
github.com/gayanhewa/family-tree/relation/paternalaunt.go:14.16,16.3 1 1
github.com/gayanhewa/family-tree/relation/paternalaunt.go:17.57,18.39 1 1
github.com/gayanhewa/family-tree/relation/paternalaunt.go:18.39,20.4 1 1
github.com/gayanhewa/family-tree/relation/sibling.go:12.106,14.16 2 1
github.com/gayanhewa/family-tree/relation/sibling.go:17.2,17.31 1 1
github.com/gayanhewa/family-tree/relation/sibling.go:14.16,16.3 1 1
github.com/gayanhewa/family-tree/relation/son.go:12.102,14.16 2 1
github.com/gayanhewa/family-tree/relation/son.go:17.2,17.42 1 1
github.com/gayanhewa/family-tree/relation/son.go:22.2,22.8 1 1
github.com/gayanhewa/family-tree/relation/son.go:14.16,16.3 1 1
github.com/gayanhewa/family-tree/relation/son.go:17.42,18.31 1 1
github.com/gayanhewa/family-tree/relation/son.go:18.31,20.4 1 1
github.com/gayanhewa/family-tree/relation/father.go:12.105,14.16 2 1
github.com/gayanhewa/family-tree/relation/father.go:17.2,17.28 1 1
github.com/gayanhewa/family-tree/relation/father.go:20.2,20.8 1 1
github.com/gayanhewa/family-tree/relation/father.go:14.16,16.3 1 1
github.com/gayanhewa/family-tree/relation/father.go:17.28,19.3 1 1
github.com/gayanhewa/family-tree/relation/maternaluncle.go:12.112,14.16 2 1
github.com/gayanhewa/family-tree/relation/maternaluncle.go:17.2,17.57 1 1
github.com/gayanhewa/family-tree/relation/maternaluncle.go:22.2,22.8 1 1
github.com/gayanhewa/family-tree/relation/maternaluncle.go:14.16,16.3 1 1
github.com/gayanhewa/family-tree/relation/maternaluncle.go:17.57,18.37 1 1
github.com/gayanhewa/family-tree/relation/maternaluncle.go:18.37,20.4 1 1
github.com/gayanhewa/family-tree/relation/paternaluncle.go:12.112,14.16 2 1
github.com/gayanhewa/family-tree/relation/paternaluncle.go:17.2,17.57 1 1
github.com/gayanhewa/family-tree/relation/paternaluncle.go:22.2,22.8 1 1
github.com/gayanhewa/family-tree/relation/paternaluncle.go:14.16,16.3 1 1
github.com/gayanhewa/family-tree/relation/paternaluncle.go:17.57,18.37 1 1
github.com/gayanhewa/family-tree/relation/paternaluncle.go:18.37,20.4 1 1
github.com/gayanhewa/family-tree/relation/relation.go:16.51,18.14 2 1
github.com/gayanhewa/family-tree/relation/relation.go:42.2,42.12 1 1
github.com/gayanhewa/family-tree/relation/relation.go:19.16,20.19 1 1
github.com/gayanhewa/family-tree/relation/relation.go:21.16,22.19 1 1
github.com/gayanhewa/family-tree/relation/relation.go:23.24,24.26 1 1
github.com/gayanhewa/family-tree/relation/relation.go:25.23,26.25 1 1
github.com/gayanhewa/family-tree/relation/relation.go:27.24,28.26 1 1
github.com/gayanhewa/family-tree/relation/relation.go:29.23,30.25 1 1
github.com/gayanhewa/family-tree/relation/relation.go:31.23,32.24 1 1
github.com/gayanhewa/family-tree/relation/relation.go:33.24,34.25 1 1
github.com/gayanhewa/family-tree/relation/relation.go:35.13,36.16 1 1
github.com/gayanhewa/family-tree/relation/relation.go:37.18,38.21 1 1
github.com/gayanhewa/family-tree/relation/relation.go:39.18,40.20 1 1
github.com/gayanhewa/family-tree/relation/sisterinlaw.go:12.110,14.16 2 1
github.com/gayanhewa/family-tree/relation/sisterinlaw.go:18.2,18.44 1 1
github.com/gayanhewa/family-tree/relation/sisterinlaw.go:24.2,24.25 1 1
github.com/gayanhewa/family-tree/relation/sisterinlaw.go:28.2,28.53 1 1
github.com/gayanhewa/family-tree/relation/sisterinlaw.go:33.2,33.8 1 1
github.com/gayanhewa/family-tree/relation/sisterinlaw.go:14.16,16.3 1 1
github.com/gayanhewa/family-tree/relation/sisterinlaw.go:18.44,20.67 1 1
github.com/gayanhewa/family-tree/relation/sisterinlaw.go:20.67,22.4 1 1
github.com/gayanhewa/family-tree/relation/sisterinlaw.go:24.25,26.3 1 1
github.com/gayanhewa/family-tree/relation/sisterinlaw.go:28.53,29.35 1 1
github.com/gayanhewa/family-tree/relation/sisterinlaw.go:29.35,31.4 1 1
